\BOOKMARK [1][-]{section.1}{\376\377\213\276\213\241\220\350\122\006}{}% 1
\BOOKMARK [2][-]{subsection.1.1}{\376\377\230\171\166\356\200\314\146\157\116\313\176\315}{section.1}% 2
\BOOKMARK [3][-]{subsubsection.1.1.1}{\376\377\000A\000l\000l\000R\000e\000c\000i\000p\000e\000s\177\121\172\331\151\202\217\360}{subsection.1.1}% 3
\BOOKMARK [3][-]{subsubsection.1.1.2}{\376\377\150\070\137\303\116\032\122\241\145\160\143\156}{subsection.1.1}% 4
\BOOKMARK [3][-]{subsubsection.1.1.3}{\376\377\116\032\122\241\155\101\172\013\122\006\147\220}{subsection.1.1}% 5
\BOOKMARK [2][-]{subsection.1.2}{\376\377\000E\000R\126\376\213\276\213\241\377\010\151\202\137\365\152\041\127\213\377\011}{section.1}% 6
\BOOKMARK [2][-]{subsection.1.3}{\376\377\145\160\143\156\136\223\136\223\210\150\213\276\213\241\377\010\220\073\217\221\152\041\127\213\377\011}{section.1}% 7
\BOOKMARK [2][-]{subsection.1.4}{\376\377\211\304\203\003\123\026}{section.1}% 8
\BOOKMARK [2][-]{subsection.1.5}{\376\377\136\070\211\301\144\315\117\134\137\122\176\263}{section.1}% 9
\BOOKMARK [3][-]{subsubsection.1.5.1}{\376\377\147\345\213\342\144\315\117\134\377\010\000S\000E\000L\000E\000C\000T\377\011}{subsection.1.5}% 10
\BOOKMARK [3][-]{subsubsection.1.5.2}{\376\377\145\160\143\156\123\330\146\364\144\315\117\134}{subsection.1.5}% 11
\BOOKMARK [2][-]{subsection.1.6}{\376\377\133\214\145\164\140\047\176\246\147\137\145\271\150\110\213\276\213\241}{section.1}% 12
\BOOKMARK [2][-]{subsection.1.7}{\376\377\210\150\166\204\213\346\176\306\213\276\213\241\377\010\162\151\164\006\152\041\127\213\377\011}{section.1}% 13
\BOOKMARK [3][-]{subsubsection.1.7.1}{\376\377\210\150\166\204\122\006\174\173\124\214\145\160\221\317\176\337\213\241}{subsection.1.7}% 14
\BOOKMARK [3][-]{subsubsection.1.7.2}{\376\377\150\070\137\303\210\150\213\346\176\306\213\276\213\241}{subsection.1.7}% 15
\BOOKMARK [2][-]{subsection.1.8}{\376\377\211\306\126\376\213\276\213\241\145\271\150\110}{section.1}% 16
\BOOKMARK [2][-]{subsection.1.9}{\376\377\145\160\143\156\136\223\133\211\121\150\145\271\150\110\166\204\213\276\213\241}{section.1}% 17
\BOOKMARK [3][-]{subsubsection.1.9.1}{\376\377\165\050\142\067\213\244\213\301\124\214\147\103\226\120\173\241\164\006}{subsection.1.9}% 18
\BOOKMARK [3][-]{subsubsection.1.9.2}{\376\377\145\160\143\156\136\223\116\272\124\130}{subsection.1.9}% 19
\BOOKMARK [3][-]{subsubsection.1.9.3}{\376\377\147\103\226\120\122\006\221\115}{subsection.1.9}% 20
\BOOKMARK [1][-]{section.2}{\376\377\133\236\163\260\220\350\122\006}{}% 21
\BOOKMARK [2][-]{subsection.2.1}{\376\377\210\150\150\074\122\033\136\372\377\010\123\357\124\014\145\366\123\005\142\354\176\246\147\137\147\141\116\366\166\204\122\033\136\372\377\011}{section.2}% 22
\BOOKMARK [3][-]{subsubsection.2.1.1}{\376\377\147\000\147\000\150\070\137\303\166\204\210\150\000U\000S\000E\000R\000S\116\016\000R\000E\000C\000I\000P\000E\000S\122\033\136\372\166\204}{subsection.2.1}% 23
\BOOKMARK [3][-]{subsubsection.2.1.2}{\376\377\217\154\210\150\000R\000E\000C\000I\000P\000E\000_\000I\000N\000G\000R\000E\000D\000I\000E\000N\000T\000S\122\033\136\372}{subsection.2.1}% 24
\BOOKMARK [3][-]{subsubsection.2.1.3}{\376\377\147\011\201\352\137\025\165\050\166\204\210\150}{subsection.2.1}% 25
\BOOKMARK [2][-]{subsection.2.2}{\376\377\145\160\143\156\137\125\121\145}{section.2}% 26
\BOOKMARK [2][-]{subsection.2.3}{\376\377\211\306\126\376\122\033\136\372\124\214\117\177\165\050}{section.2}% 27
\BOOKMARK [3][-]{subsubsection.2.3.1}{\376\377\211\306\126\376\122\033\136\372\151\202\211\310}{subsection.2.3}% 28
\BOOKMARK [3][-]{subsubsection.2.3.2}{\376\377\165\050\142\067\166\370\121\163\211\306\126\376}{subsection.2.3}% 29
\BOOKMARK [3][-]{subsubsection.2.3.3}{\376\377\230\337\214\061\166\370\121\163\211\306\126\376}{subsection.2.3}% 30
\BOOKMARK [3][-]{subsubsection.2.3.4}{\376\377\171\076\116\244\116\222\122\250\211\306\126\376}{subsection.2.3}% 31
\BOOKMARK [3][-]{subsubsection.2.3.5}{\376\377\122\006\147\220\142\245\210\150\211\306\126\376}{subsection.2.3}% 32
\BOOKMARK [2][-]{subsection.2.4}{\376\377\136\070\211\301\144\315\117\134\166\204\133\236\117\213\157\024\171\072}{section.2}% 33
\BOOKMARK [2][-]{subsection.2.5}{\376\377\145\160\143\156\136\223\133\211\121\150\166\204\133\236\163\260}{section.2}% 34
\BOOKMARK [3][-]{subsubsection.2.5.1}{\376\377\145\160\143\156\136\223\165\050\142\067\211\322\202\162\122\022\122\006}{subsection.2.5}% 35
\BOOKMARK [3][-]{subsubsection.2.5.2}{\376\377\174\276\176\306\123\026\147\103\226\120\122\006\221\115}{subsection.2.5}% 36
\BOOKMARK [1][-]{section.3}{\376\377\140\073\176\323}{}% 37
\BOOKMARK [2][-]{subsection.3.1}{\376\377\176\304\124\130\122\006\135\345}{section.3}% 38
\BOOKMARK [2][-]{subsection.3.2}{\376\377\226\276\160\271\116\016\116\015\215\263\122\006\147\220}{section.3}% 39
\BOOKMARK [2][-]{subsection.3.3}{\376\377\145\066\203\267\142\026\117\123\117\032\123\312\136\372\213\256}{section.3}% 40
